<?xml version="1.0" encoding="UTF-8"?>
<!-- Generated by org.testng.reporters.JUnitXMLReporter -->
<testsuite hostname="DESKTOP-0BR2GDR" name="Test" tests="27" failures="3" timestamp="24 Apr 2019 18:00:21 GMT" time="22.777" errors="0">
  <testcase name="@BeforeMethod initial" time="0.0" classname="testDD.SeleniumOne">
    <failure type="org.testng.TestNGException" message="
Parameter &amp;apos;url&amp;apos; is required by @Configuration on method initial but has not been marked @Optional or defined
in C:\Users\palsa\eclipse-workspace\project\TestImp\testngfac.xml">
      <![CDATA[org.testng.TestNGException: 
Parameter 'url' is required by @Configuration on method initial but has not been marked @Optional or defined
in C:\Users\palsa\eclipse-workspace\project\TestImp\testngfac.xml
	at java.util.concurrent.FutureTask.run(FutureTask.java:266)
	at java.util.concurrent.ThreadPoolExecutor.runWorker(ThreadPoolExecutor.java:1149)
	at java.util.concurrent.ThreadPoolExecutor$Worker.run(ThreadPoolExecutor.java:624)
	at java.lang.Thread.run(Thread.java:748)
... Removed 15 stack frames]]>
    </failure>
  </testcase> <!-- @BeforeMethod initial -->
  <testcase name="@AfterMethod close" time="0.0" classname="testDD.SeleniumOne">
    <skipped/>
  </testcase> <!-- @AfterMethod close -->
  <testcase name="@BeforeMethod initial" time="0.0" classname="testDD.SeleniumOne">
    <skipped/>
  </testcase> <!-- @BeforeMethod initial -->
  <testcase name="@AfterMethod close" time="0.0" classname="testDD.SeleniumOne">
    <skipped/>
  </testcase> <!-- @AfterMethod close -->
  <testcase name="CC1" time="0.016" classname="testCC.CCOne"/>
  <testcase name="CC2" time="0.002" classname="testCC.CCOne"/>
  <testcase name="CC3" time="0.001" classname="testCC.CCOne"/>
  <testcase name="CC4" time="0.001" classname="testCC.CCOne"/>
  <testcase name="gg" time="0.002" classname="testGG.GGG"/>
  <testcase name="info" time="0.002" classname="testDD.SeleniumOne">
    <skipped/>
  </testcase> <!-- info -->
  <testcase name="info" time="0.001" classname="testDD.SeleniumOne">
    <skipped/>
  </testcase> <!-- info -->
  <testcase name="photoforme" time="0.0" classname="testDD.SeleniumOne">
    <skipped/>
  </testcase> <!-- photoforme -->
  <testcase name="info" time="2.481" classname="testDD.SeleniumOneFactory">
    <failure type="java.lang.AssertionError" message="expected [okooooo] but found []">
      <![CDATA[java.lang.AssertionError: expected [okooooo] but found []
	at testDD.SeleniumOneFactory.info(SeleniumOneFactory.java:42)
	at java.util.concurrent.FutureTask.run(FutureTask.java:266)
	at java.util.concurrent.ThreadPoolExecutor.runWorker(ThreadPoolExecutor.java:1149)
	at java.util.concurrent.ThreadPoolExecutor$Worker.run(ThreadPoolExecutor.java:624)
	at java.lang.Thread.run(Thread.java:748)
... Removed 21 stack frames]]>
    </failure>
  </testcase> <!-- info -->
  <testcase name="info" time="2.364" classname="testDD.SeleniumOneFactory">
    <failure type="java.lang.AssertionError" message="expected [okooooo] but found [By logging in, I agree to the  UPS Technology Agreement. 
will open in a new window]">
      <![CDATA[java.lang.AssertionError: expected [okooooo] but found [By logging in, I agree to the  UPS Technology Agreement. 
will open in a new window]
	at testDD.SeleniumOneFactory.info(SeleniumOneFactory.java:42)
	at java.util.concurrent.FutureTask.run(FutureTask.java:266)
	at java.util.concurrent.ThreadPoolExecutor.runWorker(ThreadPoolExecutor.java:1149)
	at java.util.concurrent.ThreadPoolExecutor$Worker.run(ThreadPoolExecutor.java:624)
	at java.lang.Thread.run(Thread.java:748)
... Removed 21 stack frames]]>
    </failure>
  </testcase> <!-- info -->
  <testcase name="photoforme" time="0.0" classname="testDD.SeleniumOneFactory">
    <skipped/>
  </testcase> <!-- photoforme -->
  <testcase name="ee" time="0.0" classname="testEE.EEOne"/>
  <testcase name="ff" time="0.0" classname="testFF.FFF"/>
  <testcase name="soft" time="0.001" classname="testAA.One">
    <failure type="java.lang.AssertionError" message="expected [1001] but found [100]">
      <![CDATA[java.lang.AssertionError: expected [1001] but found [100]
	at testAA.One.soft(One.java:14)
	at java.util.concurrent.FutureTask.run(FutureTask.java:266)
	at java.util.concurrent.ThreadPoolExecutor.runWorker(ThreadPoolExecutor.java:1149)
	at java.util.concurrent.ThreadPoolExecutor$Worker.run(ThreadPoolExecutor.java:624)
	at java.lang.Thread.run(Thread.java:748)
... Removed 21 stack frames]]>
    </failure>
  </testcase> <!-- soft -->
  <testcase name="v" time="0.003" classname="testAA.Two"/>
  <testcase name="w" time="0.0" classname="testAA.Two"/>
  <testcase name="x" time="0.001" classname="testAA.Two"/>
  <testcase name="y" time="0.001" classname="testAA.Two"/>
  <testcase name="BB1" time="0.0" classname="testBB.BBOne"/>
  <testcase name="BB2" time="0.001" classname="testBB.BBOne"/>
  <testcase name="BB3" time="0.001" classname="testBB.BBOne"/>
  <testcase name="BB4" time="0.002" classname="testBB.BBOne"/>
  <testcase name="m" time="0.0" classname="testAA.Three"/>
  <testcase name="n" time="0.001" classname="testAA.Three"/>
  <testcase name="o" time="0.0" classname="testAA.Three"/>
  <testcase name="p" time="0.004" classname="testAA.Three"/>
  <testcase name="eeeeee" time="0.001" classname="testEE.EEE"/>
</testsuite> <!-- Test -->
